<?xml version="1.0" encoding="UTF-8"?>
<!-- Generated by org.testng.reporters.JUnitXMLReporter -->
<testsuite ignored="0" hostname="debian" failures="1" tests="1" name="9001-9500 Smoke/T9015 Notification Window" time="0.046" errors="0" timestamp="06 Mar 2021 01:56:38 GMT">
  <testcase classname="com.console.RunScript" name="runScript" time="0.045">
    <failure type="java.lang.AssertionError" message="setup() failed:groovy.lang.MissingPropertyException: No such property: portal_url for class: internal.GlobalVariable">
      <![CDATA[java.lang.AssertionError: setup() failed:groovy.lang.MissingPropertyException: No such property: portal_url for class: internal.GlobalVariable
	at com.console.RunScript.runScript(RunScript.java:44)
	at com.console.Execute.run(Execute.java:89)
	at com.console.RunConsole.console(RunConsole.java:66)
	at com.console.Main.main(Main.java:88)
... Removed 23 stack frames]]>
    </failure>
  </testcase> <!-- runScript -->
</testsuite> <!-- 9001-9500 Smoke/T9015 Notification Window -->
