<?xml version="1.0" encoding="UTF-8"?>
<testng-results ignored="0" total="4" passed="3" failed="1" skipped="0">
  <reporter-output>
  </reporter-output>
  <suite started-at="2021-03-12T20:26:01Z" name="TmpSuite" finished-at="2021-03-12T20:26:36Z" duration-ms="35617">
    <groups>
    </groups>
    <test started-at="2021-03-12T20:26:01Z" name="Register" finished-at="2021-03-12T20:26:18Z" duration-ms="17074">
      <class name="com.console.RunScript">
        <test-method is-config="true" signature="SetUp()[pri:0, instance:com.console.RunScript@3e7dfd44]" started-at="2021-03-12T15:26:01Z" name="SetUp" finished-at="2021-03-12T15:26:01Z" duration-ms="6" status="PASS">
          <reporter-output>
          </reporter-output>
        </test-method> <!-- SetUp -->
        <test-method signature="runScript(java.lang.String)[pri:0, instance:com.console.RunScript@3e7dfd44]" started-at="2021-03-12T15:26:01Z" name="runScript" finished-at="2021-03-12T15:26:18Z" duration-ms="17056" status="FAIL">
          <params>
            <param index="0">
              <value>
                <![CDATA[temp/Scripts/Register/Script1611241895950.groovy]]>
              </value>
            </param>
          </params>
          <exception class="java.lang.AssertionError">
            <message>
              <![CDATA[Cucumber feature file failed.]]>
            </message>
            <full-stacktrace>
              <![CDATA[java.lang.AssertionError: Cucumber feature file failed.
	at org.junit.Assert.fail(Assert.java:89)
	at com.ucf.pcte.CucumberKW.runFeatureFile(CucumberKW.java:48)
	at com.ucf.pcte.CucumberKW$runFeatureFile.call(Unknown Source)
	at org.codehaus.groovy.runtime.callsite.CallSiteArray.defaultCall(CallSiteArray.java:47)
	at org.codehaus.groovy.runtime.callsite.AbstractCallSite.call(AbstractCallSite.java:125)
	at org.codehaus.groovy.runtime.callsite.AbstractCallSite.call(AbstractCallSite.java:139)
	at Script1611241895950.run(Script1611241895950.groovy:11)
	at groovy.lang.GroovyShell.evaluate(GroovyShell.java:427)
	at groovy.lang.GroovyShell.evaluate(GroovyShell.java:470)
	at com.console.RunScript.runScript(RunScript.java:50)
	at java.base/jdk.internal.reflect.NativeMethodAccessorImpl.invoke0(Native Method)
	at java.base/jdk.internal.reflect.NativeMethodAccessorImpl.invoke(NativeMethodAccessorImpl.java:64)
	at java.base/jdk.internal.reflect.DelegatingMethodAccessorImpl.invoke(DelegatingMethodAccessorImpl.java:43)
	at java.base/java.lang.reflect.Method.invoke(Method.java:564)
	at org.testng.internal.MethodInvocationHelper.invokeMethod(MethodInvocationHelper.java:108)
	at org.testng.internal.Invoker.invokeMethod(Invoker.java:661)
	at org.testng.internal.Invoker.invokeTestMethod(Invoker.java:869)
	at org.testng.internal.Invoker.invokeTestMethods(Invoker.java:1193)
	at org.testng.internal.TestMethodWorker.invokeTestMethods(TestMethodWorker.java:126)
	at org.testng.internal.TestMethodWorker.run(TestMethodWorker.java:109)
	at org.testng.TestRunner.privateRun(TestRunner.java:744)
	at org.testng.TestRunner.run(TestRunner.java:602)
	at org.testng.SuiteRunner.runTest(SuiteRunner.java:380)
	at org.testng.SuiteRunner.runSequentially(SuiteRunner.java:375)
	at org.testng.SuiteRunner.privateRun(SuiteRunner.java:340)
	at org.testng.SuiteRunner.run(SuiteRunner.java:289)
	at org.testng.SuiteRunnerWorker.runSuite(SuiteRunnerWorker.java:52)
	at org.testng.SuiteRunnerWorker.run(SuiteRunnerWorker.java:86)
	at org.testng.TestNG.runSuitesSequentially(TestNG.java:1301)
	at org.testng.TestNG.runSuitesLocally(TestNG.java:1226)
	at org.testng.TestNG.runSuites(TestNG.java:1144)
	at org.testng.TestNG.run(TestNG.java:1115)
	at com.console.Execute.run(Execute.java:89)
	at com.console.RunConsole.console(RunConsole.java:67)
	at com.console.Main.main(Main.java:98)
]]>
            </full-stacktrace>
          </exception> <!-- java.lang.AssertionError -->
          <reporter-output>
          </reporter-output>
        </test-method> <!-- runScript -->
        <test-method is-config="true" signature="TearDown()[pri:0, instance:com.console.RunScript@3e7dfd44]" started-at="2021-03-12T15:26:18Z" name="TearDown" finished-at="2021-03-12T15:26:18Z" duration-ms="0" status="PASS">
          <reporter-output>
          </reporter-output>
        </test-method> <!-- TearDown -->
      </class> <!-- com.console.RunScript -->
    </test> <!-- Register -->
    <test started-at="2021-03-12T20:26:18Z" name="Login" finished-at="2021-03-12T20:26:25Z" duration-ms="7061">
      <class name="com.console.RunScript">
        <test-method is-config="true" signature="SetUp()[pri:0, instance:com.console.RunScript@746b18fd]" started-at="2021-03-12T15:26:18Z" name="SetUp" finished-at="2021-03-12T15:26:18Z" duration-ms="0" status="PASS">
          <reporter-output>
          </reporter-output>
        </test-method> <!-- SetUp -->
        <test-method signature="runScript(java.lang.String)[pri:0, instance:com.console.RunScript@746b18fd]" started-at="2021-03-12T15:26:18Z" name="runScript" finished-at="2021-03-12T15:26:25Z" duration-ms="7060" status="PASS">
          <params>
            <param index="0">
              <value>
                <![CDATA[temp/Scripts/Login/Script1611188057074.groovy]]>
              </value>
            </param>
          </params>
          <reporter-output>
          </reporter-output>
        </test-method> <!-- runScript -->
        <test-method is-config="true" signature="TearDown()[pri:0, instance:com.console.RunScript@746b18fd]" started-at="2021-03-12T15:26:25Z" name="TearDown" finished-at="2021-03-12T15:26:25Z" duration-ms="0" status="PASS">
          <reporter-output>
          </reporter-output>
        </test-method> <!-- TearDown -->
      </class> <!-- com.console.RunScript -->
    </test> <!-- Login -->
    <test started-at="2021-03-12T20:26:25Z" name="Add Contact_Delete Contact" finished-at="2021-03-12T20:26:33Z" duration-ms="8177">
      <class name="com.console.RunScript">
        <test-method is-config="true" signature="SetUp()[pri:0, instance:com.console.RunScript@4c2869a9]" started-at="2021-03-12T15:26:25Z" name="SetUp" finished-at="2021-03-12T15:26:25Z" duration-ms="0" status="PASS">
          <reporter-output>
          </reporter-output>
        </test-method> <!-- SetUp -->
        <test-method signature="runScript(java.lang.String)[pri:0, instance:com.console.RunScript@4c2869a9]" started-at="2021-03-12T15:26:25Z" name="runScript" finished-at="2021-03-12T15:26:33Z" duration-ms="8176" status="PASS">
          <params>
            <param index="0">
              <value>
                <![CDATA[temp/Scripts/Add Contact_Delete Contact/Script1611247483450.groovy]]>
              </value>
            </param>
          </params>
          <reporter-output>
          </reporter-output>
        </test-method> <!-- runScript -->
        <test-method is-config="true" signature="TearDown()[pri:0, instance:com.console.RunScript@4c2869a9]" started-at="2021-03-12T15:26:33Z" name="TearDown" finished-at="2021-03-12T15:26:33Z" duration-ms="0" status="PASS">
          <reporter-output>
          </reporter-output>
        </test-method> <!-- TearDown -->
      </class> <!-- com.console.RunScript -->
    </test> <!-- Add Contact_Delete Contact -->
    <test started-at="2021-03-12T20:26:33Z" name="Verify Existing Contacts" finished-at="2021-03-12T20:26:36Z" duration-ms="3248">
      <class name="com.console.RunScript">
        <test-method signature="runScript(java.lang.String)[pri:0, instance:com.console.RunScript@b8a7e43]" started-at="2021-03-12T15:26:33Z" name="runScript" finished-at="2021-03-12T15:26:36Z" duration-ms="3248" status="PASS">
          <params>
            <param index="0">
              <value>
                <![CDATA[temp/Scripts/Verify Existing Contacts/Script1611259297228.groovy]]>
              </value>
            </param>
          </params>
          <reporter-output>
          </reporter-output>
        </test-method> <!-- runScript -->
        <test-method is-config="true" signature="SetUp()[pri:0, instance:com.console.RunScript@b8a7e43]" started-at="2021-03-12T15:26:33Z" name="SetUp" finished-at="2021-03-12T15:26:33Z" duration-ms="0" status="PASS">
          <reporter-output>
          </reporter-output>
        </test-method> <!-- SetUp -->
        <test-method is-config="true" signature="TearDown()[pri:0, instance:com.console.RunScript@b8a7e43]" started-at="2021-03-12T15:26:36Z" name="TearDown" finished-at="2021-03-12T15:26:36Z" duration-ms="0" status="PASS">
          <reporter-output>
          </reporter-output>
        </test-method> <!-- TearDown -->
      </class> <!-- com.console.RunScript -->
    </test> <!-- Verify Existing Contacts -->
  </suite> <!-- TmpSuite -->
</testng-results>
